<?xml version="1.0" encoding="UTF-8"?>
<!-- Generated by org.testng.reporters.JUnitReportReporter -->
<testsuite hostname="DESKTOP-13EV4P4" failures="0" tests="4" name="xyzBankTest.xyzBank" time="12.880" errors="0" timestamp="2024-01-07T22:13:26 EET" skipped="0">
  <testcase classname="xyzBankTest.xyzBank" name="login" time="4.355"/>
  <system-out/>
  <testcase classname="xyzBankTest.xyzBank" name="DepositProcess" time="3.793"/>
  <system-out/>
  <testcase classname="xyzBankTest.xyzBank" name="withdrawalProcess" time="3.711"/>
  <system-out/>
  <testcase classname="xyzBankTest.xyzBank" name="AssertionPart" time="1.021"/>
  <system-out/>
</testsuite> <!-- xyzBankTest.xyzBank -->
