<?xml version="1.0" encoding="UTF-8"?>
<!-- Generated by org.testng.reporters.JUnitReportReporter -->
<testsuite hostname="DESKTOP-13EV4P4" failures="0" tests="4" name="xyzBankTest.xyzBank" time="13.147" errors="0" timestamp="2023-12-23T09:59:44 EET" skipped="0">
  <testcase classname="xyzBankTest.xyzBank" name="login" time="4.459"/>
  <system-out/>
  <testcase classname="xyzBankTest.xyzBank" name="DepositProcess" time="3.872"/>
  <system-out/>
  <testcase classname="xyzBankTest.xyzBank" name="withdrawalProcess" time="3.799"/>
  <system-out/>
  <testcase classname="xyzBankTest.xyzBank" name="AssertionPart" time="1.017"/>
  <system-out/>
</testsuite> <!-- xyzBankTest.xyzBank -->
